<html>
<head>
<title>TestNG:  Default test</title>
<link href="../testng.css" rel="stylesheet" type="text/css" />
<link href="../my-testng.css" rel="stylesheet" type="text/css" />

<style type="text/css">
.log { display: none;} 
.stack-trace { display: none;} 
</style>
<script type="text/javascript">
<!--
function flip(e) {
  current = e.style.display;
  if (current == 'block') {
    e.style.display = 'none';
    return 0;
  }
  else {
    e.style.display = 'block';
    return 1;
  }
}

function toggleBox(szDivId, elem, msg1, msg2)
{
  var res = -1;  if (document.getElementById) {
    res = flip(document.getElementById(szDivId));
  }
  else if (document.all) {
    // this is the way old msie versions work
    res = flip(document.all[szDivId]);
  }
  if(elem) {
    if(res == 0) elem.innerHTML = msg1; else elem.innerHTML = msg2;
  }

}

function toggleAllBoxes() {
  if (document.getElementsByTagName) {
    d = document.getElementsByTagName('div');
    for (i = 0; i < d.length; i++) {
      if (d[i].className == 'log') {
        flip(d[i]);
      }
    }
  }
}

// -->
</script>

</head>
<body>
<h2 align='center'>Default test</h2><table border='1' align="center">
<tr>
<td>Tests passed/Failed/Skipped:</td><td>59/1/0</td>
</tr><tr>
<td>Started on:</td><td>Thu Apr 18 13:22:08 CDT 2024</td>
</tr>
<tr><td>Total time:</td><td>187 seconds (187013 ms)</td>
</tr><tr>
<td>Included groups:</td><td></td>
</tr><tr>
<td>Excluded groups:</td><td></td>
</tr>
</table><p/>
<small><i>(Hover the method name to see the test class name)</i></small><p/>
<table width='100%' border='1' class='invocation-failed'>
<tr><td colspan='4' align='center'><b>FAILED TESTS</b></td></tr>
<tr><td><b>Test method</b></td>
<td><b>Attribute(s)</b></td>
<td width="30%"><b>Exception</b></td>
<td width="10%"><b>Time (seconds)</b></td>
<td><b>Instance</b></td>
</tr>
<tr>
<td title='parallel.TestNGRunner.runScenario()'><b>runScenario</b><br>Test class: parallel.TestNGRunner<br>Test method: Runs Cucumber Scenarios<br>Parameters: "User Register validation with invalid values in the input fields", "Test new user register functionality"</td>
<td><div><pre>org.openqa.selenium.WebDriverException: no such execution context
  (Session info: chrome=123.0.6312.123)
Build info: version: &apos;4.17.0&apos;, revision: &apos;e52b1be057*&apos;
System info: os.name: &apos;Windows 11&apos;, os.arch: &apos;amd64&apos;, os.version: &apos;10.0&apos;, java.version: &apos;21.0.2&apos;
Driver info: org.openqa.selenium.chrome.ChromeDriver
Command: [5ea04e06a72e21fdadaa9de59b2d9568, deleteAllCookies {}]
Capabilities {acceptInsecureCerts: false, browserName: chrome, browserVersion: 123.0.6312.123, chrome: {chromedriverVersion: 123.0.6312.122 (31f8248cdd9..., userDataDir: C:\Users\rajes\AppData\Loca...}, fedcm:accounts: true, goog:chromeOptions: {debuggerAddress: localhost:57286}, networkConnectionEnabled: false, pageLoadStrategy: normal, platformName: windows, proxy: Proxy(), se:cdp: ws://localhost:57286/devtoo..., se:cdpVersion: 123.0.6312.123, setWindowRect: true, strictFileInteractability: false, timeouts: {implicit: 0, pageLoad: 300000, script: 30000}, unhandledPromptBehavior: dismiss and notify, webauthn:extension:credBlob: true, webauthn:extension:largeBlob: true, webauthn:extension:minPinLength: true, webauthn:extension:prf: true, webauthn:virtualAuthenticators: true}
Session ID: 5ea04e06a72e21fdadaa9de59b2d9568
	at java.base/jdk.internal.reflect.DirectConstructorHandleAccessor.newInstance(DirectConstructorHandleAccessor.java:62)
	at java.base/java.lang.reflect.Constructor.newInstanceWithCaller(Constructor.java:502)
	at java.base/java.lang.reflect.Constructor.newInstance(Constructor.java:486)
	at org.openqa.selenium.remote.codec.w3c.W3CHttpResponseCodec.createException(W3CHttpResponseCodec.java:185)
	at org.openqa.selenium.remote.codec.w3c.W3CHttpResponseCodec.decode(W3CHttpResponseCodec.java:134)
	at org.openqa.selenium.remote.codec.w3c.W3CHttpResponseCodec.decode(W3CHttpResponseCodec.java:51)
	at org.openqa.selenium.remote.HttpCommandExecutor.execute(HttpCommandExecutor.java:190)
	at org.openqa.selenium.remote.service.DriverCommandExecutor.invokeExecute(DriverCommandExecutor.java:216)
	at org.openqa.selenium.remote.service.DriverCommandExecutor.execute(DriverCommandExecutor.java:174)
	at org.openqa.selenium.remote.RemoteWebDriver.execute(RemoteWebDriver.java:519)
	at org.openqa.selenium.remote.RemoteWebDriver.execute(RemoteWebDriver.java:592)
	at org.openqa.selenium.remote.RemoteWebDriver.execute(RemoteWebDriver.java:596)
	at org.openqa.selenium.remote.RemoteWebDriver$RemoteWebDriverOptions.deleteAllCookies(RemoteWebDriver.java:856)
	at com.qa.factory.DriverFactory.init_driver(DriverFactory.java:37)
	at parallel.Applicationhooks.launchBrowser(Applicationhooks.java:33)
</pre></div><a href='#' onClick='toggleBox("stack-trace516223751", this, "Click to show all stack frames", "Click to hide stack frames")'>Click to show all stack frames</a>
<div class='stack-trace' id='stack-trace516223751'><pre>org.openqa.selenium.WebDriverException: no such execution context
  (Session info: chrome=123.0.6312.123)
Build info: version: &apos;4.17.0&apos;, revision: &apos;e52b1be057*&apos;
System info: os.name: &apos;Windows 11&apos;, os.arch: &apos;amd64&apos;, os.version: &apos;10.0&apos;, java.version: &apos;21.0.2&apos;
Driver info: org.openqa.selenium.chrome.ChromeDriver
Command: [5ea04e06a72e21fdadaa9de59b2d9568, deleteAllCookies {}]
Capabilities {acceptInsecureCerts: false, browserName: chrome, browserVersion: 123.0.6312.123, chrome: {chromedriverVersion: 123.0.6312.122 (31f8248cdd9..., userDataDir: C:\Users\rajes\AppData\Loca...}, fedcm:accounts: true, goog:chromeOptions: {debuggerAddress: localhost:57286}, networkConnectionEnabled: false, pageLoadStrategy: normal, platformName: windows, proxy: Proxy(), se:cdp: ws://localhost:57286/devtoo..., se:cdpVersion: 123.0.6312.123, setWindowRect: true, strictFileInteractability: false, timeouts: {implicit: 0, pageLoad: 300000, script: 30000}, unhandledPromptBehavior: dismiss and notify, webauthn:extension:credBlob: true, webauthn:extension:largeBlob: true, webauthn:extension:minPinLength: true, webauthn:extension:prf: true, webauthn:virtualAuthenticators: true}
Session ID: 5ea04e06a72e21fdadaa9de59b2d9568
	at java.base/jdk.internal.reflect.DirectConstructorHandleAccessor.newInstance(DirectConstructorHandleAccessor.java:62)
	at java.base/java.lang.reflect.Constructor.newInstanceWithCaller(Constructor.java:502)
	at java.base/java.lang.reflect.Constructor.newInstance(Constructor.java:486)
	at org.openqa.selenium.remote.codec.w3c.W3CHttpResponseCodec.createException(W3CHttpResponseCodec.java:185)
	at org.openqa.selenium.remote.codec.w3c.W3CHttpResponseCodec.decode(W3CHttpResponseCodec.java:134)
	at org.openqa.selenium.remote.codec.w3c.W3CHttpResponseCodec.decode(W3CHttpResponseCodec.java:51)
	at org.openqa.selenium.remote.HttpCommandExecutor.execute(HttpCommandExecutor.java:190)
	at org.openqa.selenium.remote.service.DriverCommandExecutor.invokeExecute(DriverCommandExecutor.java:216)
	at org.openqa.selenium.remote.service.DriverCommandExecutor.execute(DriverCommandExecutor.java:174)
	at org.openqa.selenium.remote.RemoteWebDriver.execute(RemoteWebDriver.java:519)
	at org.openqa.selenium.remote.RemoteWebDriver.execute(RemoteWebDriver.java:592)
	at org.openqa.selenium.remote.RemoteWebDriver.execute(RemoteWebDriver.java:596)
	at org.openqa.selenium.remote.RemoteWebDriver$RemoteWebDriverOptions.deleteAllCookies(RemoteWebDriver.java:856)
	at com.qa.factory.DriverFactory.init_driver(DriverFactory.java:37)
	at parallel.Applicationhooks.launchBrowser(Applicationhooks.java:33)
</pre></div></td>
<td>5</td>
<td>parallel.TestNGRunner@43015c69</td></tr>
</table><p>
<table width='100%' border='1' class='invocation-passed'>
<tr><td colspan='4' align='center'><b>PASSED TESTS</b></td></tr>
<tr><td><b>Test method</b></td>
<td><b>Attribute(s)</b></td>
<td width="30%"><b>Exception</b></td>
<td width="10%"><b>Time (seconds)</b></td>
<td><b>Instance</b></td>
</tr>
<tr>
<td title='parallel.TestNGRunner.runScenario()'><b>runScenario</b><br>Test class: parallel.TestNGRunner<br>Test method: Runs Cucumber Scenarios<br>Parameters: "Try Editor validation for Stack with testcodes", "Stack Functionality with login"</td>
<td></td>
<td>21</td>
<td>parallel.TestNGRunner@43015c69</td></tr>
<tr>
<td title='parallel.TestNGRunner.runScenario()'><b>runScenario</b><br>Test class: parallel.TestNGRunner<br>Test method: Runs Cucumber Scenarios<br>Parameters: "Try Editor validation for Tree with testcodes", "Tree Functionality with login"</td>
<td></td>
<td>20</td>
<td>parallel.TestNGRunner@43015c69</td></tr>
<tr>
<td title='parallel.TestNGRunner.runScenario()'><b>runScenario</b><br>Test class: parallel.TestNGRunner<br>Test method: Runs Cucumber Scenarios<br>Parameters: "Try Editor validation for Tree with testcodes", "Tree Functionality with login"</td>
<td></td>
<td>26</td>
<td>parallel.TestNGRunner@43015c69</td></tr>
<tr>
<td title='parallel.TestNGRunner.runScenario()'><b>runScenario</b><br>Test class: parallel.TestNGRunner<br>Test method: Runs Cucumber Scenarios<br>Parameters: "Try Editor validation for Queue with testcodes", "Queue Functionality with login"</td>
<td></td>
<td>20</td>
<td>parallel.TestNGRunner@43015c69</td></tr>
<tr>
<td title='parallel.TestNGRunner.runScenario()'><b>runScenario</b><br>Test class: parallel.TestNGRunner<br>Test method: Runs Cucumber Scenarios<br>Parameters: "Login Page Validation with Invaid input", "SignIn Page Functionality"</td>
<td></td>
<td>7</td>
<td>parallel.TestNGRunner@43015c69</td></tr>
<tr>
<td title='parallel.TestNGRunner.runScenario()'><b>runScenario</b><br>Test class: parallel.TestNGRunner<br>Test method: Runs Cucumber Scenarios<br>Parameters: "Try Editor validation for Array with testcodes", "Array Functionality with login"</td>
<td></td>
<td>23</td>
<td>parallel.TestNGRunner@43015c69</td></tr>
<tr>
<td title='parallel.TestNGRunner.runScenario()'><b>runScenario</b><br>Test class: parallel.TestNGRunner<br>Test method: Runs Cucumber Scenarios<br>Parameters: "Login Page Validation with Invaid input", "SignIn Page Functionality"</td>
<td></td>
<td>12</td>
<td>parallel.TestNGRunner@43015c69</td></tr>
<tr>
<td title='parallel.TestNGRunner.runScenario()'><b>runScenario</b><br>Test class: parallel.TestNGRunner<br>Test method: Runs Cucumber Scenarios<br>Parameters: "Practice Questions Validation with valid codes", "Array Functionality with login"</td>
<td></td>
<td>24</td>
<td>parallel.TestNGRunner@43015c69</td></tr>
<tr>
<td title='parallel.TestNGRunner.runScenario()'><b>runScenario</b><br>Test class: parallel.TestNGRunner<br>Test method: Runs Cucumber Scenarios<br>Parameters: "Login with correct credentials", "SignIn Page Functionality"</td>
<td></td>
<td>6</td>
<td>parallel.TestNGRunner@43015c69</td></tr>
<tr>
<td title='parallel.TestNGRunner.runScenario()'><b>runScenario</b><br>Test class: parallel.TestNGRunner<br>Test method: Runs Cucumber Scenarios<br>Parameters: "DS Algo Get Started page", "Landing Page feature"</td>
<td></td>
<td>10</td>
<td>parallel.TestNGRunner@43015c69</td></tr>
<tr>
<td title='parallel.TestNGRunner.runScenario()'><b>runScenario</b><br>Test class: parallel.TestNGRunner<br>Test method: Runs Cucumber Scenarios<br>Parameters: "Try Editor validation for Tree with testcodes", "Tree Functionality with login"</td>
<td></td>
<td>19</td>
<td>parallel.TestNGRunner@43015c69</td></tr>
<tr>
<td title='parallel.TestNGRunner.runScenario()'><b>runScenario</b><br>Test class: parallel.TestNGRunner<br>Test method: Runs Cucumber Scenarios<br>Parameters: "Try Editor validation for Stack with testcodes", "Stack Functionality with login"</td>
<td></td>
<td>20</td>
<td>parallel.TestNGRunner@43015c69</td></tr>
<tr>
<td title='parallel.TestNGRunner.runScenario()'><b>runScenario</b><br>Test class: parallel.TestNGRunner<br>Test method: Runs Cucumber Scenarios<br>Parameters: "SignIn link on DS Home Page", "DS Indtroduction Home Page without logging into it"</td>
<td></td>
<td>11</td>
<td>parallel.TestNGRunner@43015c69</td></tr>
<tr>
<td title='parallel.TestNGRunner.runScenario()'><b>runScenario</b><br>Test class: parallel.TestNGRunner<br>Test method: Runs Cucumber Scenarios<br>Parameters: "User Register Validation with empty input fields", "Test new user register functionality"</td>
<td></td>
<td>13</td>
<td>parallel.TestNGRunner@43015c69</td></tr>
<tr>
<td title='parallel.TestNGRunner.runScenario()'><b>runScenario</b><br>Test class: parallel.TestNGRunner<br>Test method: Runs Cucumber Scenarios<br>Parameters: "Try Editor validation for Tree with testcodes", "Tree Functionality with login"</td>
<td></td>
<td>20</td>
<td>parallel.TestNGRunner@43015c69</td></tr>
<tr>
<td title='parallel.TestNGRunner.runScenario()'><b>runScenario</b><br>Test class: parallel.TestNGRunner<br>Test method: Runs Cucumber Scenarios<br>Parameters: "Try Editor validation for Array with testcodes", "Array Functionality with login"</td>
<td></td>
<td>28</td>
<td>parallel.TestNGRunner@43015c69</td></tr>
<tr>
<td title='parallel.TestNGRunner.runScenario()'><b>runScenario</b><br>Test class: parallel.TestNGRunner<br>Test method: Runs Cucumber Scenarios<br>Parameters: "User Register Validation with empty input fields", "Test new user register functionality"</td>
<td></td>
<td>10</td>
<td>parallel.TestNGRunner@43015c69</td></tr>
<tr>
<td title='parallel.TestNGRunner.runScenario()'><b>runScenario</b><br>Test class: parallel.TestNGRunner<br>Test method: Runs Cucumber Scenarios<br>Parameters: "Try Editor validation for Queue with testcodes", "Queue Functionality with login"</td>
<td></td>
<td>20</td>
<td>parallel.TestNGRunner@43015c69</td></tr>
<tr>
<td title='parallel.TestNGRunner.runScenario()'><b>runScenario</b><br>Test class: parallel.TestNGRunner<br>Test method: Runs Cucumber Scenarios<br>Parameters: "Login page title", "SignIn Page Functionality"</td>
<td></td>
<td>9</td>
<td>parallel.TestNGRunner@43015c69</td></tr>
<tr>
<td title='parallel.TestNGRunner.runScenario()'><b>runScenario</b><br>Test class: parallel.TestNGRunner<br>Test method: Runs Cucumber Scenarios<br>Parameters: "Try Editor validation for Linkedlist with testcodes", "Linkedlist Functionality with login"</td>
<td></td>
<td>21</td>
<td>parallel.TestNGRunner@43015c69</td></tr>
<tr>
<td title='parallel.TestNGRunner.runScenario()'><b>runScenario</b><br>Test class: parallel.TestNGRunner<br>Test method: Runs Cucumber Scenarios<br>Parameters: "Try Editor validation for Tree with testcodes", "Tree Functionality with login"</td>
<td></td>
<td>21</td>
<td>parallel.TestNGRunner@43015c69</td></tr>
<tr>
<td title='parallel.TestNGRunner.runScenario()'><b>runScenario</b><br>Test class: parallel.TestNGRunner<br>Test method: Runs Cucumber Scenarios<br>Parameters: "Try Editor validation for Queue with testcodes", "Queue Functionality with login"</td>
<td></td>
<td>20</td>
<td>parallel.TestNGRunner@43015c69</td></tr>
<tr>
<td title='parallel.TestNGRunner.runScenario()'><b>runScenario</b><br>Test class: parallel.TestNGRunner<br>Test method: Runs Cucumber Scenarios<br>Parameters: "Try Editor validation for Linkedlist with testcodes", "Linkedlist Functionality with login"</td>
<td></td>
<td>27</td>
<td>parallel.TestNGRunner@43015c69</td></tr>
<tr>
<td title='parallel.TestNGRunner.runScenario()'><b>runScenario</b><br>Test class: parallel.TestNGRunner<br>Test method: Runs Cucumber Scenarios<br>Parameters: "Try Editor validation for Array with testcodes", "Array Functionality with login"</td>
<td></td>
<td>24</td>
<td>parallel.TestNGRunner@43015c69</td></tr>
<tr>
<td title='parallel.TestNGRunner.runScenario()'><b>runScenario</b><br>Test class: parallel.TestNGRunner<br>Test method: Runs Cucumber Scenarios<br>Parameters: "User Register validation with invalid values in the input fields", "Test new user register functionality"</td>
<td></td>
<td>12</td>
<td>parallel.TestNGRunner@43015c69</td></tr>
<tr>
<td title='parallel.TestNGRunner.runScenario()'><b>runScenario</b><br>Test class: parallel.TestNGRunner<br>Test method: Runs Cucumber Scenarios<br>Parameters: "Try Editor validation for Tree with testcodes", "Tree Functionality with login"</td>
<td></td>
<td>25</td>
<td>parallel.TestNGRunner@43015c69</td></tr>
<tr>
<td title='parallel.TestNGRunner.runScenario()'><b>runScenario</b><br>Test class: parallel.TestNGRunner<br>Test method: Runs Cucumber Scenarios<br>Parameters: "Try Editor validation for Graph with testcodes", "Graph Functionality with login"</td>
<td></td>
<td>16</td>
<td>parallel.TestNGRunner@43015c69</td></tr>
<tr>
<td title='parallel.TestNGRunner.runScenario()'><b>runScenario</b><br>Test class: parallel.TestNGRunner<br>Test method: Runs Cucumber Scenarios<br>Parameters: "Try Editor validation for Tree with testcodes", "Tree Functionality with login"</td>
<td></td>
<td>25</td>
<td>parallel.TestNGRunner@43015c69</td></tr>
<tr>
<td title='parallel.TestNGRunner.runScenario()'><b>runScenario</b><br>Test class: parallel.TestNGRunner<br>Test method: Runs Cucumber Scenarios<br>Parameters: "Practice Questions Validation with valid codes", "Array Functionality with login"</td>
<td></td>
<td>13</td>
<td>parallel.TestNGRunner@43015c69</td></tr>
<tr>
<td title='parallel.TestNGRunner.runScenario()'><b>runScenario</b><br>Test class: parallel.TestNGRunner<br>Test method: Runs Cucumber Scenarios<br>Parameters: "Practice Questions Validation with valid codes", "Array Functionality with login"</td>
<td></td>
<td>12</td>
<td>parallel.TestNGRunner@43015c69</td></tr>
<tr>
<td title='parallel.TestNGRunner.runScenario()'><b>runScenario</b><br>Test class: parallel.TestNGRunner<br>Test method: Runs Cucumber Scenarios<br>Parameters: "Try Editor validation for DS Intro with testcodes", "DSIntro Functionality with login"</td>
<td></td>
<td>24</td>
<td>parallel.TestNGRunner@43015c69</td></tr>
<tr>
<td title='parallel.TestNGRunner.runScenario()'><b>runScenario</b><br>Test class: parallel.TestNGRunner<br>Test method: Runs Cucumber Scenarios<br>Parameters: "Try Editor validation for Tree with testcodes", "Tree Functionality with login"</td>
<td></td>
<td>23</td>
<td>parallel.TestNGRunner@43015c69</td></tr>
<tr>
<td title='parallel.TestNGRunner.runScenario()'><b>runScenario</b><br>Test class: parallel.TestNGRunner<br>Test method: Runs Cucumber Scenarios<br>Parameters: "Try Editor validation for Stack with testcodes", "Stack Functionality with login"</td>
<td></td>
<td>21</td>
<td>parallel.TestNGRunner@43015c69</td></tr>
<tr>
<td title='parallel.TestNGRunner.runScenario()'><b>runScenario</b><br>Test class: parallel.TestNGRunner<br>Test method: Runs Cucumber Scenarios<br>Parameters: "Register link on DS Home Page", "DS Indtroduction Home Page without logging into it"</td>
<td></td>
<td>10</td>
<td>parallel.TestNGRunner@43015c69</td></tr>
<tr>
<td title='parallel.TestNGRunner.runScenario()'><b>runScenario</b><br>Test class: parallel.TestNGRunner<br>Test method: Runs Cucumber Scenarios<br>Parameters: "Try Editor validation for Tree with testcodes", "Tree Functionality with login"</td>
<td></td>
<td>17</td>
<td>parallel.TestNGRunner@43015c69</td></tr>
<tr>
<td title='parallel.TestNGRunner.runScenario()'><b>runScenario</b><br>Test class: parallel.TestNGRunner<br>Test method: Runs Cucumber Scenarios<br>Parameters: "Try Editor validation for Tree with testcodes", "Tree Functionality with login"</td>
<td></td>
<td>20</td>
<td>parallel.TestNGRunner@43015c69</td></tr>
<tr>
<td title='parallel.TestNGRunner.runScenario()'><b>runScenario</b><br>Test class: parallel.TestNGRunner<br>Test method: Runs Cucumber Scenarios<br>Parameters: "Login Page Validation with Valid input", "SignIn Page Functionality"</td>
<td></td>
<td>14</td>
<td>parallel.TestNGRunner@43015c69</td></tr>
<tr>
<td title='parallel.TestNGRunner.runScenario()'><b>runScenario</b><br>Test class: parallel.TestNGRunner<br>Test method: Runs Cucumber Scenarios<br>Parameters: "GetStarted buttons of DataStructures", "DS Indtroduction Home Page without logging into it"</td>
<td></td>
<td>10</td>
<td>parallel.TestNGRunner@43015c69</td></tr>
<tr>
<td title='parallel.TestNGRunner.runScenario()'><b>runScenario</b><br>Test class: parallel.TestNGRunner<br>Test method: Runs Cucumber Scenarios<br>Parameters: "Try Editor validation for Queue with testcodes", "Queue Functionality with login"</td>
<td></td>
<td>23</td>
<td>parallel.TestNGRunner@43015c69</td></tr>
<tr>
<td title='parallel.TestNGRunner.runScenario()'><b>runScenario</b><br>Test class: parallel.TestNGRunner<br>Test method: Runs Cucumber Scenarios<br>Parameters: "Try Editor validation for Tree with testcodes", "Tree Functionality with login"</td>
<td></td>
<td>22</td>
<td>parallel.TestNGRunner@43015c69</td></tr>
<tr>
<td title='parallel.TestNGRunner.runScenario()'><b>runScenario</b><br>Test class: parallel.TestNGRunner<br>Test method: Runs Cucumber Scenarios<br>Parameters: "Try Editor validation for Linkedlist with testcodes", "Linkedlist Functionality with login"</td>
<td></td>
<td>21</td>
<td>parallel.TestNGRunner@43015c69</td></tr>
<tr>
<td title='parallel.TestNGRunner.runScenario()'><b>runScenario</b><br>Test class: parallel.TestNGRunner<br>Test method: Runs Cucumber Scenarios<br>Parameters: "Try Editor validation for Linkedlist with testcodes", "Linkedlist Functionality with login"</td>
<td></td>
<td>21</td>
<td>parallel.TestNGRunner@43015c69</td></tr>
<tr>
<td title='parallel.TestNGRunner.runScenario()'><b>runScenario</b><br>Test class: parallel.TestNGRunner<br>Test method: Runs Cucumber Scenarios<br>Parameters: "DataStructures Dropdown validation", "DS Indtroduction Home Page without logging into it"</td>
<td></td>
<td>10</td>
<td>parallel.TestNGRunner@43015c69</td></tr>
<tr>
<td title='parallel.TestNGRunner.runScenario()'><b>runScenario</b><br>Test class: parallel.TestNGRunner<br>Test method: Runs Cucumber Scenarios<br>Parameters: "Login Page Validation with Invaid input", "SignIn Page Functionality"</td>
<td></td>
<td>20</td>
<td>parallel.TestNGRunner@43015c69</td></tr>
<tr>
<td title='parallel.TestNGRunner.runScenario()'><b>runScenario</b><br>Test class: parallel.TestNGRunner<br>Test method: Runs Cucumber Scenarios<br>Parameters: "Try Editor validation for Linkedlist with testcodes", "Linkedlist Functionality with login"</td>
<td></td>
<td>20</td>
<td>parallel.TestNGRunner@43015c69</td></tr>
<tr>
<td title='parallel.TestNGRunner.runScenario()'><b>runScenario</b><br>Test class: parallel.TestNGRunner<br>Test method: Runs Cucumber Scenarios<br>Parameters: "Browser page", "Landing Page feature"</td>
<td></td>
<td>11</td>
<td>parallel.TestNGRunner@43015c69</td></tr>
<tr>
<td title='parallel.TestNGRunner.runScenario()'><b>runScenario</b><br>Test class: parallel.TestNGRunner<br>Test method: Runs Cucumber Scenarios<br>Parameters: "Try Editor validation for Linkedlist with testcodes", "Linkedlist Functionality with login"</td>
<td></td>
<td>21</td>
<td>parallel.TestNGRunner@43015c69</td></tr>
<tr>
<td title='parallel.TestNGRunner.runScenario()'><b>runScenario</b><br>Test class: parallel.TestNGRunner<br>Test method: Runs Cucumber Scenarios<br>Parameters: "Login Page Validation with Invaid input", "SignIn Page Functionality"</td>
<td></td>
<td>7</td>
<td>parallel.TestNGRunner@43015c69</td></tr>
<tr>
<td title='parallel.TestNGRunner.runScenario()'><b>runScenario</b><br>Test class: parallel.TestNGRunner<br>Test method: Runs Cucumber Scenarios<br>Parameters: "Try Editor validation for Graph with testcodes", "Graph Functionality with login"</td>
<td></td>
<td>12</td>
<td>parallel.TestNGRunner@43015c69</td></tr>
<tr>
<td title='parallel.TestNGRunner.runScenario()'><b>runScenario</b><br>Test class: parallel.TestNGRunner<br>Test method: Runs Cucumber Scenarios<br>Parameters: "Login Page Validation with Invaid input", "SignIn Page Functionality"</td>
<td></td>
<td>9</td>
<td>parallel.TestNGRunner@43015c69</td></tr>
<tr>
<td title='parallel.TestNGRunner.runScenario()'><b>runScenario</b><br>Test class: parallel.TestNGRunner<br>Test method: Runs Cucumber Scenarios<br>Parameters: "User Register Validation with empty input fields", "Test new user register functionality"</td>
<td></td>
<td>10</td>
<td>parallel.TestNGRunner@43015c69</td></tr>
<tr>
<td title='parallel.TestNGRunner.runScenario()'><b>runScenario</b><br>Test class: parallel.TestNGRunner<br>Test method: Runs Cucumber Scenarios<br>Parameters: "User Register validation with invalid values in the input fields", "Test new user register functionality"</td>
<td></td>
<td>19</td>
<td>parallel.TestNGRunner@43015c69</td></tr>
<tr>
<td title='parallel.TestNGRunner.runScenario()'><b>runScenario</b><br>Test class: parallel.TestNGRunner<br>Test method: Runs Cucumber Scenarios<br>Parameters: "Try Editor validation for Array with testcodes", "Array Functionality with login"</td>
<td></td>
<td>30</td>
<td>parallel.TestNGRunner@43015c69</td></tr>
<tr>
<td title='parallel.TestNGRunner.runScenario()'><b>runScenario</b><br>Test class: parallel.TestNGRunner<br>Test method: Runs Cucumber Scenarios<br>Parameters: "User Register Validation with empty input fields", "Test new user register functionality"</td>
<td></td>
<td>10</td>
<td>parallel.TestNGRunner@43015c69</td></tr>
<tr>
<td title='parallel.TestNGRunner.runScenario()'><b>runScenario</b><br>Test class: parallel.TestNGRunner<br>Test method: Runs Cucumber Scenarios<br>Parameters: "Login Page Validation with Invaid input", "SignIn Page Functionality"</td>
<td></td>
<td>12</td>
<td>parallel.TestNGRunner@43015c69</td></tr>
<tr>
<td title='parallel.TestNGRunner.runScenario()'><b>runScenario</b><br>Test class: parallel.TestNGRunner<br>Test method: Runs Cucumber Scenarios<br>Parameters: "Practice Questions Validation with valid codes", "Array Functionality with login"</td>
<td></td>
<td>12</td>
<td>parallel.TestNGRunner@43015c69</td></tr>
<tr>
<td title='parallel.TestNGRunner.runScenario()'><b>runScenario</b><br>Test class: parallel.TestNGRunner<br>Test method: Runs Cucumber Scenarios<br>Parameters: "Try Editor validation for Linkedlist with testcodes", "Linkedlist Functionality with login"</td>
<td></td>
<td>23</td>
<td>parallel.TestNGRunner@43015c69</td></tr>
<tr>
<td title='parallel.TestNGRunner.runScenario()'><b>runScenario</b><br>Test class: parallel.TestNGRunner<br>Test method: Runs Cucumber Scenarios<br>Parameters: "Try Editor validation for Tree with testcodes", "Tree Functionality with login"</td>
<td></td>
<td>22</td>
<td>parallel.TestNGRunner@43015c69</td></tr>
<tr>
<td title='parallel.TestNGRunner.runScenario()'><b>runScenario</b><br>Test class: parallel.TestNGRunner<br>Test method: Runs Cucumber Scenarios<br>Parameters: "Try Editor validation for Tree with testcodes", "Tree Functionality with login"</td>
<td></td>
<td>18</td>
<td>parallel.TestNGRunner@43015c69</td></tr>
</table><p>
</body>
</html>