<?xml version="1.0" encoding="UTF-8"?>
<!-- Generated by org.testng.reporters.JUnitReportReporter -->
<testsuite hostname="Midhuna" failures="0" tests="60" name="parallel.TestNGRunner" time="1061.539" errors="1" timestamp="2024-04-18T13:25:15 CDT" skipped="0">
  <testcase classname="parallel.TestNGRunner" name="runScenario" time="21.201"/>
  <testcase classname="parallel.TestNGRunner" name="runScenario" time="20.637"/>
  <testcase classname="parallel.TestNGRunner" name="runScenario" time="26.291"/>
  <testcase classname="parallel.TestNGRunner" name="runScenario" time="20.823"/>
  <testcase classname="parallel.TestNGRunner" name="runScenario" time="7.806"/>
  <testcase classname="parallel.TestNGRunner" name="runScenario" time="23.860"/>
  <testcase classname="parallel.TestNGRunner" name="runScenario" time="12.630"/>
  <testcase classname="parallel.TestNGRunner" name="runScenario" time="24.441"/>
  <testcase classname="parallel.TestNGRunner" name="runScenario" time="6.743"/>
  <testcase classname="parallel.TestNGRunner" name="runScenario" time="10.910"/>
  <testcase classname="parallel.TestNGRunner" name="runScenario" time="19.707"/>
  <testcase classname="parallel.TestNGRunner" name="runScenario" time="20.663"/>
  <testcase classname="parallel.TestNGRunner" name="runScenario" time="11.256"/>
  <testcase classname="parallel.TestNGRunner" name="runScenario" time="13.057"/>
  <testcase classname="parallel.TestNGRunner" name="runScenario" time="20.783"/>
  <testcase classname="parallel.TestNGRunner" name="runScenario" time="28.302"/>
  <testcase classname="parallel.TestNGRunner" name="runScenario" time="10.696"/>
  <testcase classname="parallel.TestNGRunner" name="runScenario" time="20.375"/>
  <testcase classname="parallel.TestNGRunner" name="runScenario" time="9.039"/>
  <testcase classname="parallel.TestNGRunner" name="runScenario" time="21.396"/>
  <testcase classname="parallel.TestNGRunner" name="runScenario" time="21.303"/>
  <testcase classname="parallel.TestNGRunner" name="runScenario" time="20.029"/>
  <testcase classname="parallel.TestNGRunner" name="runScenario" time="27.994"/>
  <testcase classname="parallel.TestNGRunner" name="runScenario" time="24.476"/>
  <testcase classname="parallel.TestNGRunner" name="runScenario" time="12.313"/>
  <testcase classname="parallel.TestNGRunner" name="runScenario" time="25.301"/>
  <testcase classname="parallel.TestNGRunner" name="runScenario" time="16.843"/>
  <testcase classname="parallel.TestNGRunner" name="runScenario" time="25.039"/>
  <testcase classname="parallel.TestNGRunner" name="runScenario" time="13.790"/>
  <testcase classname="parallel.TestNGRunner" name="runScenario" time="12.639"/>
  <testcase classname="parallel.TestNGRunner" name="runScenario" time="24.857"/>
  <testcase classname="parallel.TestNGRunner" name="runScenario" time="23.057"/>
  <testcase classname="parallel.TestNGRunner" name="runScenario" time="5.815">
    <error message="no such execution context
  (Session info: chrome=123.0.6312.123)
Build info: version: &#039;4.17.0&#039;, revision: &#039;e52b1be057*&#039;
System info: os.name: &#039;Windows 11&#039;, os.arch: &#039;amd64&#039;, os.version: &#039;10.0&#039;, java.version: &#039;21.0.2&#039;
Driver info: org.openqa.selenium.chrome.ChromeDriver
Command: [5ea04e06a72e21fdadaa9de59b2d9568, deleteAllCookies {}]
Capabilities {acceptInsecureCerts: false, browserName: chrome, browserVersion: 123.0.6312.123, chrome: {chromedriverVersion: 123.0.6312.122 (31f8248cdd9..., userDataDir: C:\Users\rajes\AppData\Loca...}, fedcm:accounts: true, goog:chromeOptions: {debuggerAddress: localhost:57286}, networkConnectionEnabled: false, pageLoadStrategy: normal, platformName: windows, proxy: Proxy(), se:cdp: ws://localhost:57286/devtoo..., se:cdpVersion: 123.0.6312.123, setWindowRect: true, strictFileInteractability: false, timeouts: {implicit: 0, pageLoad: 300000, script: 30000}, unhandledPromptBehavior: dismiss and notify, webauthn:extension:credBlob: true, webauthn:extension:largeBlob: true, webauthn:extension:minPinLength: true, webauthn:extension:prf: true, webauthn:virtualAuthenticators: true}
Session ID: 5ea04e06a72e21fdadaa9de59b2d9568" type="org.openqa.selenium.WebDriverException">
      <![CDATA[org.openqa.selenium.WebDriverException: no such execution context
  (Session info: chrome=123.0.6312.123)
Build info: version: '4.17.0', revision: 'e52b1be057*'
System info: os.name: 'Windows 11', os.arch: 'amd64', os.version: '10.0', java.version: '21.0.2'
Driver info: org.openqa.selenium.chrome.ChromeDriver
Command: [5ea04e06a72e21fdadaa9de59b2d9568, deleteAllCookies {}]
Capabilities {acceptInsecureCerts: false, browserName: chrome, browserVersion: 123.0.6312.123, chrome: {chromedriverVersion: 123.0.6312.122 (31f8248cdd9..., userDataDir: C:\Users\rajes\AppData\Loca...}, fedcm:accounts: true, goog:chromeOptions: {debuggerAddress: localhost:57286}, networkConnectionEnabled: false, pageLoadStrategy: normal, platformName: windows, proxy: Proxy(), se:cdp: ws://localhost:57286/devtoo..., se:cdpVersion: 123.0.6312.123, setWindowRect: true, strictFileInteractability: false, timeouts: {implicit: 0, pageLoad: 300000, script: 30000}, unhandledPromptBehavior: dismiss and notify, webauthn:extension:credBlob: true, webauthn:extension:largeBlob: true, webauthn:extension:minPinLength: true, webauthn:extension:prf: true, webauthn:virtualAuthenticators: true}
Session ID: 5ea04e06a72e21fdadaa9de59b2d9568
at java.base/jdk.internal.reflect.DirectConstructorHandleAccessor.newInstance(DirectConstructorHandleAccessor.java:62)
at java.base/java.lang.reflect.Constructor.newInstanceWithCaller(Constructor.java:502)
at java.base/java.lang.reflect.Constructor.newInstance(Constructor.java:486)
at org.openqa.selenium.remote.codec.w3c.W3CHttpResponseCodec.createException(W3CHttpResponseCodec.java:185)
at org.openqa.selenium.remote.codec.w3c.W3CHttpResponseCodec.decode(W3CHttpResponseCodec.java:134)
at org.openqa.selenium.remote.codec.w3c.W3CHttpResponseCodec.decode(W3CHttpResponseCodec.java:51)
at org.openqa.selenium.remote.HttpCommandExecutor.execute(HttpCommandExecutor.java:190)
at org.openqa.selenium.remote.service.DriverCommandExecutor.invokeExecute(DriverCommandExecutor.java:216)
at org.openqa.selenium.remote.service.DriverCommandExecutor.execute(DriverCommandExecutor.java:174)
at org.openqa.selenium.remote.RemoteWebDriver.execute(RemoteWebDriver.java:519)
at org.openqa.selenium.remote.RemoteWebDriver.execute(RemoteWebDriver.java:592)
at org.openqa.selenium.remote.RemoteWebDriver.execute(RemoteWebDriver.java:596)
at org.openqa.selenium.remote.RemoteWebDriver$RemoteWebDriverOptions.deleteAllCookies(RemoteWebDriver.java:856)
at com.qa.factory.DriverFactory.init_driver(DriverFactory.java:37)
at parallel.Applicationhooks.launchBrowser(Applicationhooks.java:33)
]]>
    </error>
  </testcase> <!-- runScenario -->
  <testcase classname="parallel.TestNGRunner" name="runScenario" time="21.038"/>
  <testcase classname="parallel.TestNGRunner" name="runScenario" time="10.626"/>
  <testcase classname="parallel.TestNGRunner" name="runScenario" time="17.102"/>
  <testcase classname="parallel.TestNGRunner" name="runScenario" time="20.820"/>
  <testcase classname="parallel.TestNGRunner" name="runScenario" time="14.888"/>
  <testcase classname="parallel.TestNGRunner" name="runScenario" time="10.909"/>
  <testcase classname="parallel.TestNGRunner" name="runScenario" time="23.191"/>
  <testcase classname="parallel.TestNGRunner" name="runScenario" time="22.015"/>
  <testcase classname="parallel.TestNGRunner" name="runScenario" time="21.601"/>
  <testcase classname="parallel.TestNGRunner" name="runScenario" time="21.836"/>
  <testcase classname="parallel.TestNGRunner" name="runScenario" time="10.896"/>
  <testcase classname="parallel.TestNGRunner" name="runScenario" time="20.176"/>
  <testcase classname="parallel.TestNGRunner" name="runScenario" time="20.329"/>
  <testcase classname="parallel.TestNGRunner" name="runScenario" time="11.016"/>
  <testcase classname="parallel.TestNGRunner" name="runScenario" time="21.042"/>
  <testcase classname="parallel.TestNGRunner" name="runScenario" time="7.003"/>
  <testcase classname="parallel.TestNGRunner" name="runScenario" time="12.080"/>
  <testcase classname="parallel.TestNGRunner" name="runScenario" time="9.187"/>
  <testcase classname="parallel.TestNGRunner" name="runScenario" time="10.429"/>
  <testcase classname="parallel.TestNGRunner" name="runScenario" time="19.387"/>
  <testcase classname="parallel.TestNGRunner" name="runScenario" time="30.740"/>
  <testcase classname="parallel.TestNGRunner" name="runScenario" time="10.958"/>
  <testcase classname="parallel.TestNGRunner" name="runScenario" time="12.163"/>
  <testcase classname="parallel.TestNGRunner" name="runScenario" time="12.729"/>
  <testcase classname="parallel.TestNGRunner" name="runScenario" time="23.745"/>
  <testcase classname="parallel.TestNGRunner" name="runScenario" time="22.819"/>
  <testcase classname="parallel.TestNGRunner" name="runScenario" time="18.742"/>
</testsuite> <!-- parallel.TestNGRunner -->
